2021-02-16 09:06:43,159 DEBUG [JavaFX Application Thread] InternalLoggerFactory:53 - Using Log4J as the default logging framework
2021-02-16 09:06:43,167 DEBUG [JavaFX Application Thread] MultithreadEventLoopGroup:44 - -Dio.netty.eventLoopThreads: 16
2021-02-16 09:06:43,204 DEBUG [JavaFX Application Thread] InternalThreadLocalMap:56 - -Dio.netty.threadLocalMap.stringBuilder.initialSize: 1024
2021-02-16 09:06:43,205 DEBUG [JavaFX Application Thread] InternalThreadLocalMap:59 - -Dio.netty.threadLocalMap.stringBuilder.maxSize: 4096
2021-02-16 09:06:43,221 DEBUG [JavaFX Application Thread] NioEventLoop:106 - -Dio.netty.noKeySetOptimization: false
2021-02-16 09:06:43,221 DEBUG [JavaFX Application Thread] NioEventLoop:107 - -Dio.netty.selectorAutoRebuildThreshold: 512
2021-02-16 09:06:43,252 DEBUG [JavaFX Application Thread] PlatformDependent:1015 - Platform: Windows
2021-02-16 09:06:43,257 DEBUG [JavaFX Application Thread] PlatformDependent0:408 - -Dio.netty.noUnsafe: false
2021-02-16 09:06:43,258 DEBUG [JavaFX Application Thread] PlatformDependent0:876 - Java version: 12
2021-02-16 09:06:43,261 DEBUG [JavaFX Application Thread] PlatformDependent0:125 - sun.misc.Unsafe.theUnsafe: available
2021-02-16 09:06:43,264 DEBUG [JavaFX Application Thread] PlatformDependent0:149 - sun.misc.Unsafe.copyMemory: available
2021-02-16 09:06:43,265 DEBUG [JavaFX Application Thread] PlatformDependent0:187 - java.nio.Buffer.address: available
2021-02-16 09:06:43,268 DEBUG [JavaFX Application Thread] PlatformDependent0:261 - direct buffer constructor: unavailable
java.lang.UnsupportedOperationException: Reflective setAccessible(true) disabled
	at org.neo4j.driver@4.1.1/org.neo4j.driver.internal.shaded.io.netty.util.internal.ReflectionUtil.trySetAccessible(ReflectionUtil.java:31)
	at org.neo4j.driver@4.1.1/org.neo4j.driver.internal.shaded.io.netty.util.internal.PlatformDependent0$4.run(PlatformDependent0.java:233)
	at java.base/java.security.AccessController.doPrivileged(AccessController.java:310)
	at org.neo4j.driver@4.1.1/org.neo4j.driver.internal.shaded.io.netty.util.internal.PlatformDependent0.<clinit>(PlatformDependent0.java:227)
	at org.neo4j.driver@4.1.1/org.neo4j.driver.internal.shaded.io.netty.util.internal.PlatformDependent.isAndroid(PlatformDependent.java:289)
	at org.neo4j.driver@4.1.1/org.neo4j.driver.internal.shaded.io.netty.util.internal.PlatformDependent.<clinit>(PlatformDependent.java:92)
	at org.neo4j.driver@4.1.1/org.neo4j.driver.internal.shaded.io.netty.channel.nio.NioEventLoop.newTaskQueue0(NioEventLoop.java:279)
	at org.neo4j.driver@4.1.1/org.neo4j.driver.internal.shaded.io.netty.channel.nio.NioEventLoop.newTaskQueue(NioEventLoop.java:150)
	at org.neo4j.driver@4.1.1/org.neo4j.driver.internal.shaded.io.netty.channel.nio.NioEventLoop.<init>(NioEventLoop.java:138)
	at org.neo4j.driver@4.1.1/org.neo4j.driver.internal.shaded.io.netty.channel.nio.NioEventLoopGroup.newChild(NioEventLoopGroup.java:146)
	at org.neo4j.driver@4.1.1/org.neo4j.driver.internal.shaded.io.netty.channel.nio.NioEventLoopGroup.newChild(NioEventLoopGroup.java:37)
	at org.neo4j.driver@4.1.1/org.neo4j.driver.internal.shaded.io.netty.util.concurrent.MultithreadEventExecutorGroup.<init>(MultithreadEventExecutorGroup.java:84)
	at org.neo4j.driver@4.1.1/org.neo4j.driver.internal.shaded.io.netty.util.concurrent.MultithreadEventExecutorGroup.<init>(MultithreadEventExecutorGroup.java:58)
	at org.neo4j.driver@4.1.1/org.neo4j.driver.internal.shaded.io.netty.channel.MultithreadEventLoopGroup.<init>(MultithreadEventLoopGroup.java:52)
	at org.neo4j.driver@4.1.1/org.neo4j.driver.internal.shaded.io.netty.channel.nio.NioEventLoopGroup.<init>(NioEventLoopGroup.java:96)
	at org.neo4j.driver@4.1.1/org.neo4j.driver.internal.shaded.io.netty.channel.nio.NioEventLoopGroup.<init>(NioEventLoopGroup.java:91)
	at org.neo4j.driver@4.1.1/org.neo4j.driver.internal.shaded.io.netty.channel.nio.NioEventLoopGroup.<init>(NioEventLoopGroup.java:72)
	at org.neo4j.driver@4.1.1/org.neo4j.driver.internal.shaded.io.netty.channel.nio.NioEventLoopGroup.<init>(NioEventLoopGroup.java:52)
	at org.neo4j.driver@4.1.1/org.neo4j.driver.internal.async.connection.EventLoopGroupFactory$DriverEventLoopGroup.<init>(EventLoopGroupFactory.java:112)
	at org.neo4j.driver@4.1.1/org.neo4j.driver.internal.async.connection.EventLoopGroupFactory.newEventLoopGroup(EventLoopGroupFactory.java:68)
	at org.neo4j.driver@4.1.1/org.neo4j.driver.internal.async.connection.BootstrapFactory.newBootstrap(BootstrapFactory.java:33)
	at org.neo4j.driver@4.1.1/org.neo4j.driver.internal.DriverFactory.createBootstrap(DriverFactory.java:261)
	at org.neo4j.driver@4.1.1/org.neo4j.driver.internal.DriverFactory.newInstance(DriverFactory.java:77)
	at org.neo4j.driver@4.1.1/org.neo4j.driver.internal.DriverFactory.newInstance(DriverFactory.java:67)
	at org.neo4j.driver@4.1.1/org.neo4j.driver.GraphDatabase.driver(GraphDatabase.java:139)
	at org.neo4j.driver@4.1.1/org.neo4j.driver.GraphDatabase.driver(GraphDatabase.java:121)
	at org.neo4j.driver@4.1.1/org.neo4j.driver.GraphDatabase.driver(GraphDatabase.java:96)
	at it.unipi.dii.lsdb.group13/it.unipi.dii.lsdb.group13.database.Neo4jManager.<init>(Neo4jManager.java:13)
	at it.unipi.dii.lsdb.group13/it.unipi.dii.lsdb.group13.database.Neo4jManager.getInstance(Neo4jManager.java:27)
	at it.unipi.dii.lsdb.group13/it.unipi.dii.lsdb.group13.App.start(App.java:37)
	at javafx.graphics/com.sun.javafx.application.LauncherImpl.lambda$launchApplication1$9(LauncherImpl.java:846)
	at javafx.graphics/com.sun.javafx.application.PlatformImpl.lambda$runAndWait$12(PlatformImpl.java:455)
	at javafx.graphics/com.sun.javafx.application.PlatformImpl.lambda$runLater$10(PlatformImpl.java:428)
	at java.base/java.security.AccessController.doPrivileged(AccessController.java:389)
	at javafx.graphics/com.sun.javafx.application.PlatformImpl.lambda$runLater$11(PlatformImpl.java:427)
	at javafx.graphics/com.sun.glass.ui.InvokeLaterDispatcher$Future.run(InvokeLaterDispatcher.java:96)
	at javafx.graphics/com.sun.glass.ui.win.WinApplication._runLoop(Native Method)
	at javafx.graphics/com.sun.glass.ui.win.WinApplication.lambda$runLoop$3(WinApplication.java:174)
	at java.base/java.lang.Thread.run(Thread.java:835)
2021-02-16 09:06:43,276 DEBUG [JavaFX Application Thread] PlatformDependent0:326 - java.nio.Bits.unaligned: available, true
2021-02-16 09:06:43,279 DEBUG [JavaFX Application Thread] PlatformDependent0:385 - jdk.internal.misc.Unsafe.allocateUninitializedArray(int): unavailable
java.lang.IllegalAccessException: class org.neo4j.driver.internal.shaded.io.netty.util.internal.PlatformDependent0$6 (in module org.neo4j.driver) cannot access class jdk.internal.misc.Unsafe (in module java.base) because module java.base does not export jdk.internal.misc to module org.neo4j.driver
	at java.base/jdk.internal.reflect.Reflection.newIllegalAccessException(Reflection.java:376)
	at java.base/java.lang.reflect.AccessibleObject.checkAccess(AccessibleObject.java:639)
	at java.base/java.lang.reflect.Method.invoke(Method.java:559)
	at org.neo4j.driver@4.1.1/org.neo4j.driver.internal.shaded.io.netty.util.internal.PlatformDependent0$6.run(PlatformDependent0.java:347)
	at java.base/java.security.AccessController.doPrivileged(AccessController.java:310)
	at org.neo4j.driver@4.1.1/org.neo4j.driver.internal.shaded.io.netty.util.internal.PlatformDependent0.<clinit>(PlatformDependent0.java:338)
	at org.neo4j.driver@4.1.1/org.neo4j.driver.internal.shaded.io.netty.util.internal.PlatformDependent.isAndroid(PlatformDependent.java:289)
	at org.neo4j.driver@4.1.1/org.neo4j.driver.internal.shaded.io.netty.util.internal.PlatformDependent.<clinit>(PlatformDependent.java:92)
	at org.neo4j.driver@4.1.1/org.neo4j.driver.internal.shaded.io.netty.channel.nio.NioEventLoop.newTaskQueue0(NioEventLoop.java:279)
	at org.neo4j.driver@4.1.1/org.neo4j.driver.internal.shaded.io.netty.channel.nio.NioEventLoop.newTaskQueue(NioEventLoop.java:150)
	at org.neo4j.driver@4.1.1/org.neo4j.driver.internal.shaded.io.netty.channel.nio.NioEventLoop.<init>(NioEventLoop.java:138)
	at org.neo4j.driver@4.1.1/org.neo4j.driver.internal.shaded.io.netty.channel.nio.NioEventLoopGroup.newChild(NioEventLoopGroup.java:146)
	at org.neo4j.driver@4.1.1/org.neo4j.driver.internal.shaded.io.netty.channel.nio.NioEventLoopGroup.newChild(NioEventLoopGroup.java:37)
	at org.neo4j.driver@4.1.1/org.neo4j.driver.internal.shaded.io.netty.util.concurrent.MultithreadEventExecutorGroup.<init>(MultithreadEventExecutorGroup.java:84)
	at org.neo4j.driver@4.1.1/org.neo4j.driver.internal.shaded.io.netty.util.concurrent.MultithreadEventExecutorGroup.<init>(MultithreadEventExecutorGroup.java:58)
	at org.neo4j.driver@4.1.1/org.neo4j.driver.internal.shaded.io.netty.channel.MultithreadEventLoopGroup.<init>(MultithreadEventLoopGroup.java:52)
	at org.neo4j.driver@4.1.1/org.neo4j.driver.internal.shaded.io.netty.channel.nio.NioEventLoopGroup.<init>(NioEventLoopGroup.java:96)
	at org.neo4j.driver@4.1.1/org.neo4j.driver.internal.shaded.io.netty.channel.nio.NioEventLoopGroup.<init>(NioEventLoopGroup.java:91)
	at org.neo4j.driver@4.1.1/org.neo4j.driver.internal.shaded.io.netty.channel.nio.NioEventLoopGroup.<init>(NioEventLoopGroup.java:72)
	at org.neo4j.driver@4.1.1/org.neo4j.driver.internal.shaded.io.netty.channel.nio.NioEventLoopGroup.<init>(NioEventLoopGroup.java:52)
	at org.neo4j.driver@4.1.1/org.neo4j.driver.internal.async.connection.EventLoopGroupFactory$DriverEventLoopGroup.<init>(EventLoopGroupFactory.java:112)
	at org.neo4j.driver@4.1.1/org.neo4j.driver.internal.async.connection.EventLoopGroupFactory.newEventLoopGroup(EventLoopGroupFactory.java:68)
	at org.neo4j.driver@4.1.1/org.neo4j.driver.internal.async.connection.BootstrapFactory.newBootstrap(BootstrapFactory.java:33)
	at org.neo4j.driver@4.1.1/org.neo4j.driver.internal.DriverFactory.createBootstrap(DriverFactory.java:261)
	at org.neo4j.driver@4.1.1/org.neo4j.driver.internal.DriverFactory.newInstance(DriverFactory.java:77)
	at org.neo4j.driver@4.1.1/org.neo4j.driver.internal.DriverFactory.newInstance(DriverFactory.java:67)
	at org.neo4j.driver@4.1.1/org.neo4j.driver.GraphDatabase.driver(GraphDatabase.java:139)
	at org.neo4j.driver@4.1.1/org.neo4j.driver.GraphDatabase.driver(GraphDatabase.java:121)
	at org.neo4j.driver@4.1.1/org.neo4j.driver.GraphDatabase.driver(GraphDatabase.java:96)
	at it.unipi.dii.lsdb.group13/it.unipi.dii.lsdb.group13.database.Neo4jManager.<init>(Neo4jManager.java:13)
	at it.unipi.dii.lsdb.group13/it.unipi.dii.lsdb.group13.database.Neo4jManager.getInstance(Neo4jManager.java:27)
	at it.unipi.dii.lsdb.group13/it.unipi.dii.lsdb.group13.App.start(App.java:37)
	at javafx.graphics/com.sun.javafx.application.LauncherImpl.lambda$launchApplication1$9(LauncherImpl.java:846)
	at javafx.graphics/com.sun.javafx.application.PlatformImpl.lambda$runAndWait$12(PlatformImpl.java:455)
	at javafx.graphics/com.sun.javafx.application.PlatformImpl.lambda$runLater$10(PlatformImpl.java:428)
	at java.base/java.security.AccessController.doPrivileged(AccessController.java:389)
	at javafx.graphics/com.sun.javafx.application.PlatformImpl.lambda$runLater$11(PlatformImpl.java:427)
	at javafx.graphics/com.sun.glass.ui.InvokeLaterDispatcher$Future.run(InvokeLaterDispatcher.java:96)
	at javafx.graphics/com.sun.glass.ui.win.WinApplication._runLoop(Native Method)
	at javafx.graphics/com.sun.glass.ui.win.WinApplication.lambda$runLoop$3(WinApplication.java:174)
	at java.base/java.lang.Thread.run(Thread.java:835)
2021-02-16 09:06:43,282 DEBUG [JavaFX Application Thread] PlatformDependent0:398 - java.nio.DirectByteBuffer.<init>(long, int): unavailable
2021-02-16 09:06:43,286 DEBUG [JavaFX Application Thread] PlatformDependent:1058 - sun.misc.Unsafe: available
2021-02-16 09:06:43,321 DEBUG [JavaFX Application Thread] PlatformDependent:1158 - maxDirectMemory: 4267704320 bytes (maybe)
2021-02-16 09:06:43,322 DEBUG [JavaFX Application Thread] PlatformDependent:1177 - -Dio.netty.tmpdir: C:\Users\UTENTE~1\AppData\Local\Temp (java.io.tmpdir)
2021-02-16 09:06:43,322 DEBUG [JavaFX Application Thread] PlatformDependent:1256 - -Dio.netty.bitMode: 64 (sun.arch.data.model)
2021-02-16 09:06:43,325 DEBUG [JavaFX Application Thread] PlatformDependent:177 - -Dio.netty.maxDirectMemory: -1 bytes
2021-02-16 09:06:43,326 DEBUG [JavaFX Application Thread] PlatformDependent:184 - -Dio.netty.uninitializedArrayAllocationThreshold: -1
2021-02-16 09:06:43,328 DEBUG [JavaFX Application Thread] CleanerJava9:71 - java.nio.ByteBuffer.cleaner(): available
2021-02-16 09:06:43,328 DEBUG [JavaFX Application Thread] PlatformDependent:204 - -Dio.netty.noPreferDirect: false
2021-02-16 09:06:43,348 DEBUG [JavaFX Application Thread] PlatformDependent:919 - org.jctools-core.MpscChunkedArrayQueue: available
2021-02-16 09:06:44,195 TRACE [JavaFX Application Thread] NioEventLoop:260 - instrumented a special java.util.Set into: sun.nio.ch.WindowsSelectorImpl@60a86da2
2021-02-16 09:06:44,199 TRACE [JavaFX Application Thread] NioEventLoop:260 - instrumented a special java.util.Set into: sun.nio.ch.WindowsSelectorImpl@7ab82299
2021-02-16 09:06:44,201 TRACE [JavaFX Application Thread] NioEventLoop:260 - instrumented a special java.util.Set into: sun.nio.ch.WindowsSelectorImpl@52719a8a
2021-02-16 09:06:44,204 TRACE [JavaFX Application Thread] NioEventLoop:260 - instrumented a special java.util.Set into: sun.nio.ch.WindowsSelectorImpl@70223367
2021-02-16 09:06:44,207 TRACE [JavaFX Application Thread] NioEventLoop:260 - instrumented a special java.util.Set into: sun.nio.ch.WindowsSelectorImpl@4477e8ed
2021-02-16 09:06:44,209 TRACE [JavaFX Application Thread] NioEventLoop:260 - instrumented a special java.util.Set into: sun.nio.ch.WindowsSelectorImpl@7fe0b610
2021-02-16 09:06:44,212 TRACE [JavaFX Application Thread] NioEventLoop:260 - instrumented a special java.util.Set into: sun.nio.ch.WindowsSelectorImpl@219bc6ac
2021-02-16 09:06:44,215 TRACE [JavaFX Application Thread] NioEventLoop:260 - instrumented a special java.util.Set into: sun.nio.ch.WindowsSelectorImpl@404370f3
2021-02-16 09:06:44,218 TRACE [JavaFX Application Thread] NioEventLoop:260 - instrumented a special java.util.Set into: sun.nio.ch.WindowsSelectorImpl@3b08c896
2021-02-16 09:06:44,221 TRACE [JavaFX Application Thread] NioEventLoop:260 - instrumented a special java.util.Set into: sun.nio.ch.WindowsSelectorImpl@41a2a9d1
2021-02-16 09:06:44,223 TRACE [JavaFX Application Thread] NioEventLoop:260 - instrumented a special java.util.Set into: sun.nio.ch.WindowsSelectorImpl@3ef3b9ef
2021-02-16 09:06:44,226 TRACE [JavaFX Application Thread] NioEventLoop:260 - instrumented a special java.util.Set into: sun.nio.ch.WindowsSelectorImpl@656c922a
2021-02-16 09:06:44,228 TRACE [JavaFX Application Thread] NioEventLoop:260 - instrumented a special java.util.Set into: sun.nio.ch.WindowsSelectorImpl@185daa69
2021-02-16 09:06:44,231 TRACE [JavaFX Application Thread] NioEventLoop:260 - instrumented a special java.util.Set into: sun.nio.ch.WindowsSelectorImpl@4c656492
2021-02-16 09:06:44,233 TRACE [JavaFX Application Thread] NioEventLoop:260 - instrumented a special java.util.Set into: sun.nio.ch.WindowsSelectorImpl@6ffa8030
2021-02-16 09:06:44,236 TRACE [JavaFX Application Thread] NioEventLoop:260 - instrumented a special java.util.Set into: sun.nio.ch.WindowsSelectorImpl@6e06b227
2021-02-16 09:06:44,370  INFO [JavaFX Application Thread] Neo4jManager:15 - Neo4j Connection opened.
2021-02-16 09:06:44,598  INFO [JavaFX Application Thread] Neo4jManager:42 - Mongo Connection opened.
2021-02-16 09:07:09,487  INFO [JavaFX Application Thread] LoginController:72 - inserted pw: h:5}TWc0
2021-02-16 09:07:39,518 ERROR [JavaFX Application Thread] LoginController:85 - Timed out after 30000 ms while waiting to connect. Client view of cluster state is {type=UNKNOWN, servers=[{address=172.16.3.124:27020, type=UNKNOWN, state=CONNECTING, exception={com.mongodb.MongoSocketOpenException: Exception opening socket}, caused by {java.net.ConnectException: Connection refused: connect}}, {address=172.16.3.123:27020, type=UNKNOWN, state=CONNECTING, exception={com.mongodb.MongoSocketOpenException: Exception opening socket}, caused by {java.net.ConnectException: Connection refused: connect}}, {address=172.16.3.151:27020, type=UNKNOWN, state=CONNECTING, exception={com.mongodb.MongoSocketOpenException: Exception opening socket}, caused by {java.net.ConnectException: Connection refused: connect}}]
2021-02-16 09:07:45,103  INFO [JavaFX Application Thread] Neo4jManager:39 - Neo4j Connection closed.
2021-02-16 09:07:45,108  INFO [JavaFX Application Thread] Neo4jManager:58 - Mongo Connection closed.
2021-02-16 09:08:21,846 DEBUG [JavaFX Application Thread] InternalLoggerFactory:53 - Using Log4J as the default logging framework
2021-02-16 09:08:21,852 DEBUG [JavaFX Application Thread] MultithreadEventLoopGroup:44 - -Dio.netty.eventLoopThreads: 16
2021-02-16 09:08:21,888 DEBUG [JavaFX Application Thread] InternalThreadLocalMap:56 - -Dio.netty.threadLocalMap.stringBuilder.initialSize: 1024
2021-02-16 09:08:21,889 DEBUG [JavaFX Application Thread] InternalThreadLocalMap:59 - -Dio.netty.threadLocalMap.stringBuilder.maxSize: 4096
2021-02-16 09:08:21,900 DEBUG [JavaFX Application Thread] NioEventLoop:106 - -Dio.netty.noKeySetOptimization: false
2021-02-16 09:08:21,900 DEBUG [JavaFX Application Thread] NioEventLoop:107 - -Dio.netty.selectorAutoRebuildThreshold: 512
2021-02-16 09:08:21,920 DEBUG [JavaFX Application Thread] PlatformDependent:1015 - Platform: Windows
2021-02-16 09:08:21,923 DEBUG [JavaFX Application Thread] PlatformDependent0:408 - -Dio.netty.noUnsafe: false
2021-02-16 09:08:21,923 DEBUG [JavaFX Application Thread] PlatformDependent0:876 - Java version: 12
2021-02-16 09:08:21,925 DEBUG [JavaFX Application Thread] PlatformDependent0:125 - sun.misc.Unsafe.theUnsafe: available
2021-02-16 09:08:21,926 DEBUG [JavaFX Application Thread] PlatformDependent0:149 - sun.misc.Unsafe.copyMemory: available
2021-02-16 09:08:21,926 DEBUG [JavaFX Application Thread] PlatformDependent0:187 - java.nio.Buffer.address: available
2021-02-16 09:08:21,927 DEBUG [JavaFX Application Thread] PlatformDependent0:261 - direct buffer constructor: unavailable
java.lang.UnsupportedOperationException: Reflective setAccessible(true) disabled
	at org.neo4j.driver@4.1.1/org.neo4j.driver.internal.shaded.io.netty.util.internal.ReflectionUtil.trySetAccessible(ReflectionUtil.java:31)
	at org.neo4j.driver@4.1.1/org.neo4j.driver.internal.shaded.io.netty.util.internal.PlatformDependent0$4.run(PlatformDependent0.java:233)
	at java.base/java.security.AccessController.doPrivileged(AccessController.java:310)
	at org.neo4j.driver@4.1.1/org.neo4j.driver.internal.shaded.io.netty.util.internal.PlatformDependent0.<clinit>(PlatformDependent0.java:227)
	at org.neo4j.driver@4.1.1/org.neo4j.driver.internal.shaded.io.netty.util.internal.PlatformDependent.isAndroid(PlatformDependent.java:289)
	at org.neo4j.driver@4.1.1/org.neo4j.driver.internal.shaded.io.netty.util.internal.PlatformDependent.<clinit>(PlatformDependent.java:92)
	at org.neo4j.driver@4.1.1/org.neo4j.driver.internal.shaded.io.netty.channel.nio.NioEventLoop.newTaskQueue0(NioEventLoop.java:279)
	at org.neo4j.driver@4.1.1/org.neo4j.driver.internal.shaded.io.netty.channel.nio.NioEventLoop.newTaskQueue(NioEventLoop.java:150)
	at org.neo4j.driver@4.1.1/org.neo4j.driver.internal.shaded.io.netty.channel.nio.NioEventLoop.<init>(NioEventLoop.java:138)
	at org.neo4j.driver@4.1.1/org.neo4j.driver.internal.shaded.io.netty.channel.nio.NioEventLoopGroup.newChild(NioEventLoopGroup.java:146)
	at org.neo4j.driver@4.1.1/org.neo4j.driver.internal.shaded.io.netty.channel.nio.NioEventLoopGroup.newChild(NioEventLoopGroup.java:37)
	at org.neo4j.driver@4.1.1/org.neo4j.driver.internal.shaded.io.netty.util.concurrent.MultithreadEventExecutorGroup.<init>(MultithreadEventExecutorGroup.java:84)
	at org.neo4j.driver@4.1.1/org.neo4j.driver.internal.shaded.io.netty.util.concurrent.MultithreadEventExecutorGroup.<init>(MultithreadEventExecutorGroup.java:58)
	at org.neo4j.driver@4.1.1/org.neo4j.driver.internal.shaded.io.netty.channel.MultithreadEventLoopGroup.<init>(MultithreadEventLoopGroup.java:52)
	at org.neo4j.driver@4.1.1/org.neo4j.driver.internal.shaded.io.netty.channel.nio.NioEventLoopGroup.<init>(NioEventLoopGroup.java:96)
	at org.neo4j.driver@4.1.1/org.neo4j.driver.internal.shaded.io.netty.channel.nio.NioEventLoopGroup.<init>(NioEventLoopGroup.java:91)
	at org.neo4j.driver@4.1.1/org.neo4j.driver.internal.shaded.io.netty.channel.nio.NioEventLoopGroup.<init>(NioEventLoopGroup.java:72)
	at org.neo4j.driver@4.1.1/org.neo4j.driver.internal.shaded.io.netty.channel.nio.NioEventLoopGroup.<init>(NioEventLoopGroup.java:52)
	at org.neo4j.driver@4.1.1/org.neo4j.driver.internal.async.connection.EventLoopGroupFactory$DriverEventLoopGroup.<init>(EventLoopGroupFactory.java:112)
	at org.neo4j.driver@4.1.1/org.neo4j.driver.internal.async.connection.EventLoopGroupFactory.newEventLoopGroup(EventLoopGroupFactory.java:68)
	at org.neo4j.driver@4.1.1/org.neo4j.driver.internal.async.connection.BootstrapFactory.newBootstrap(BootstrapFactory.java:33)
	at org.neo4j.driver@4.1.1/org.neo4j.driver.internal.DriverFactory.createBootstrap(DriverFactory.java:261)
	at org.neo4j.driver@4.1.1/org.neo4j.driver.internal.DriverFactory.newInstance(DriverFactory.java:77)
	at org.neo4j.driver@4.1.1/org.neo4j.driver.internal.DriverFactory.newInstance(DriverFactory.java:67)
	at org.neo4j.driver@4.1.1/org.neo4j.driver.GraphDatabase.driver(GraphDatabase.java:139)
	at org.neo4j.driver@4.1.1/org.neo4j.driver.GraphDatabase.driver(GraphDatabase.java:121)
	at org.neo4j.driver@4.1.1/org.neo4j.driver.GraphDatabase.driver(GraphDatabase.java:96)
	at it.unipi.dii.lsdb.group13/it.unipi.dii.lsdb.group13.database.Neo4jManager.<init>(Neo4jManager.java:13)
	at it.unipi.dii.lsdb.group13/it.unipi.dii.lsdb.group13.database.Neo4jManager.getInstance(Neo4jManager.java:27)
	at it.unipi.dii.lsdb.group13/it.unipi.dii.lsdb.group13.App.start(App.java:37)
	at javafx.graphics/com.sun.javafx.application.LauncherImpl.lambda$launchApplication1$9(LauncherImpl.java:846)
	at javafx.graphics/com.sun.javafx.application.PlatformImpl.lambda$runAndWait$12(PlatformImpl.java:455)
	at javafx.graphics/com.sun.javafx.application.PlatformImpl.lambda$runLater$10(PlatformImpl.java:428)
	at java.base/java.security.AccessController.doPrivileged(AccessController.java:389)
	at javafx.graphics/com.sun.javafx.application.PlatformImpl.lambda$runLater$11(PlatformImpl.java:427)
	at javafx.graphics/com.sun.glass.ui.InvokeLaterDispatcher$Future.run(InvokeLaterDispatcher.java:96)
	at javafx.graphics/com.sun.glass.ui.win.WinApplication._runLoop(Native Method)
	at javafx.graphics/com.sun.glass.ui.win.WinApplication.lambda$runLoop$3(WinApplication.java:174)
	at java.base/java.lang.Thread.run(Thread.java:835)
2021-02-16 09:08:21,932 DEBUG [JavaFX Application Thread] PlatformDependent0:326 - java.nio.Bits.unaligned: available, true
2021-02-16 09:08:21,934 DEBUG [JavaFX Application Thread] PlatformDependent0:385 - jdk.internal.misc.Unsafe.allocateUninitializedArray(int): unavailable
java.lang.IllegalAccessException: class org.neo4j.driver.internal.shaded.io.netty.util.internal.PlatformDependent0$6 (in module org.neo4j.driver) cannot access class jdk.internal.misc.Unsafe (in module java.base) because module java.base does not export jdk.internal.misc to module org.neo4j.driver
	at java.base/jdk.internal.reflect.Reflection.newIllegalAccessException(Reflection.java:376)
	at java.base/java.lang.reflect.AccessibleObject.checkAccess(AccessibleObject.java:639)
	at java.base/java.lang.reflect.Method.invoke(Method.java:559)
	at org.neo4j.driver@4.1.1/org.neo4j.driver.internal.shaded.io.netty.util.internal.PlatformDependent0$6.run(PlatformDependent0.java:347)
	at java.base/java.security.AccessController.doPrivileged(AccessController.java:310)
	at org.neo4j.driver@4.1.1/org.neo4j.driver.internal.shaded.io.netty.util.internal.PlatformDependent0.<clinit>(PlatformDependent0.java:338)
	at org.neo4j.driver@4.1.1/org.neo4j.driver.internal.shaded.io.netty.util.internal.PlatformDependent.isAndroid(PlatformDependent.java:289)
	at org.neo4j.driver@4.1.1/org.neo4j.driver.internal.shaded.io.netty.util.internal.PlatformDependent.<clinit>(PlatformDependent.java:92)
	at org.neo4j.driver@4.1.1/org.neo4j.driver.internal.shaded.io.netty.channel.nio.NioEventLoop.newTaskQueue0(NioEventLoop.java:279)
	at org.neo4j.driver@4.1.1/org.neo4j.driver.internal.shaded.io.netty.channel.nio.NioEventLoop.newTaskQueue(NioEventLoop.java:150)
	at org.neo4j.driver@4.1.1/org.neo4j.driver.internal.shaded.io.netty.channel.nio.NioEventLoop.<init>(NioEventLoop.java:138)
	at org.neo4j.driver@4.1.1/org.neo4j.driver.internal.shaded.io.netty.channel.nio.NioEventLoopGroup.newChild(NioEventLoopGroup.java:146)
	at org.neo4j.driver@4.1.1/org.neo4j.driver.internal.shaded.io.netty.channel.nio.NioEventLoopGroup.newChild(NioEventLoopGroup.java:37)
	at org.neo4j.driver@4.1.1/org.neo4j.driver.internal.shaded.io.netty.util.concurrent.MultithreadEventExecutorGroup.<init>(MultithreadEventExecutorGroup.java:84)
	at org.neo4j.driver@4.1.1/org.neo4j.driver.internal.shaded.io.netty.util.concurrent.MultithreadEventExecutorGroup.<init>(MultithreadEventExecutorGroup.java:58)
	at org.neo4j.driver@4.1.1/org.neo4j.driver.internal.shaded.io.netty.channel.MultithreadEventLoopGroup.<init>(MultithreadEventLoopGroup.java:52)
	at org.neo4j.driver@4.1.1/org.neo4j.driver.internal.shaded.io.netty.channel.nio.NioEventLoopGroup.<init>(NioEventLoopGroup.java:96)
	at org.neo4j.driver@4.1.1/org.neo4j.driver.internal.shaded.io.netty.channel.nio.NioEventLoopGroup.<init>(NioEventLoopGroup.java:91)
	at org.neo4j.driver@4.1.1/org.neo4j.driver.internal.shaded.io.netty.channel.nio.NioEventLoopGroup.<init>(NioEventLoopGroup.java:72)
	at org.neo4j.driver@4.1.1/org.neo4j.driver.internal.shaded.io.netty.channel.nio.NioEventLoopGroup.<init>(NioEventLoopGroup.java:52)
	at org.neo4j.driver@4.1.1/org.neo4j.driver.internal.async.connection.EventLoopGroupFactory$DriverEventLoopGroup.<init>(EventLoopGroupFactory.java:112)
	at org.neo4j.driver@4.1.1/org.neo4j.driver.internal.async.connection.EventLoopGroupFactory.newEventLoopGroup(EventLoopGroupFactory.java:68)
	at org.neo4j.driver@4.1.1/org.neo4j.driver.internal.async.connection.BootstrapFactory.newBootstrap(BootstrapFactory.java:33)
	at org.neo4j.driver@4.1.1/org.neo4j.driver.internal.DriverFactory.createBootstrap(DriverFactory.java:261)
	at org.neo4j.driver@4.1.1/org.neo4j.driver.internal.DriverFactory.newInstance(DriverFactory.java:77)
	at org.neo4j.driver@4.1.1/org.neo4j.driver.internal.DriverFactory.newInstance(DriverFactory.java:67)
	at org.neo4j.driver@4.1.1/org.neo4j.driver.GraphDatabase.driver(GraphDatabase.java:139)
	at org.neo4j.driver@4.1.1/org.neo4j.driver.GraphDatabase.driver(GraphDatabase.java:121)
	at org.neo4j.driver@4.1.1/org.neo4j.driver.GraphDatabase.driver(GraphDatabase.java:96)
	at it.unipi.dii.lsdb.group13/it.unipi.dii.lsdb.group13.database.Neo4jManager.<init>(Neo4jManager.java:13)
	at it.unipi.dii.lsdb.group13/it.unipi.dii.lsdb.group13.database.Neo4jManager.getInstance(Neo4jManager.java:27)
	at it.unipi.dii.lsdb.group13/it.unipi.dii.lsdb.group13.App.start(App.java:37)
	at javafx.graphics/com.sun.javafx.application.LauncherImpl.lambda$launchApplication1$9(LauncherImpl.java:846)
	at javafx.graphics/com.sun.javafx.application.PlatformImpl.lambda$runAndWait$12(PlatformImpl.java:455)
	at javafx.graphics/com.sun.javafx.application.PlatformImpl.lambda$runLater$10(PlatformImpl.java:428)
	at java.base/java.security.AccessController.doPrivileged(AccessController.java:389)
	at javafx.graphics/com.sun.javafx.application.PlatformImpl.lambda$runLater$11(PlatformImpl.java:427)
	at javafx.graphics/com.sun.glass.ui.InvokeLaterDispatcher$Future.run(InvokeLaterDispatcher.java:96)
	at javafx.graphics/com.sun.glass.ui.win.WinApplication._runLoop(Native Method)
	at javafx.graphics/com.sun.glass.ui.win.WinApplication.lambda$runLoop$3(WinApplication.java:174)
	at java.base/java.lang.Thread.run(Thread.java:835)
2021-02-16 09:08:21,935 DEBUG [JavaFX Application Thread] PlatformDependent0:398 - java.nio.DirectByteBuffer.<init>(long, int): unavailable
2021-02-16 09:08:21,938 DEBUG [JavaFX Application Thread] PlatformDependent:1058 - sun.misc.Unsafe: available
2021-02-16 09:08:21,957 DEBUG [JavaFX Application Thread] PlatformDependent:1158 - maxDirectMemory: 4267704320 bytes (maybe)
2021-02-16 09:08:21,957 DEBUG [JavaFX Application Thread] PlatformDependent:1177 - -Dio.netty.tmpdir: C:\Users\UTENTE~1\AppData\Local\Temp (java.io.tmpdir)
2021-02-16 09:08:21,957 DEBUG [JavaFX Application Thread] PlatformDependent:1256 - -Dio.netty.bitMode: 64 (sun.arch.data.model)
2021-02-16 09:08:21,958 DEBUG [JavaFX Application Thread] PlatformDependent:177 - -Dio.netty.maxDirectMemory: -1 bytes
2021-02-16 09:08:21,959 DEBUG [JavaFX Application Thread] PlatformDependent:184 - -Dio.netty.uninitializedArrayAllocationThreshold: -1
2021-02-16 09:08:21,959 DEBUG [JavaFX Application Thread] CleanerJava9:71 - java.nio.ByteBuffer.cleaner(): available
2021-02-16 09:08:21,960 DEBUG [JavaFX Application Thread] PlatformDependent:204 - -Dio.netty.noPreferDirect: false
2021-02-16 09:08:21,967 DEBUG [JavaFX Application Thread] PlatformDependent:919 - org.jctools-core.MpscChunkedArrayQueue: available
2021-02-16 09:08:22,833 TRACE [JavaFX Application Thread] NioEventLoop:260 - instrumented a special java.util.Set into: sun.nio.ch.WindowsSelectorImpl@10b88ee8
2021-02-16 09:08:22,834 TRACE [JavaFX Application Thread] NioEventLoop:260 - instrumented a special java.util.Set into: sun.nio.ch.WindowsSelectorImpl@6403f027
2021-02-16 09:08:22,835 TRACE [JavaFX Application Thread] NioEventLoop:260 - instrumented a special java.util.Set into: sun.nio.ch.WindowsSelectorImpl@3699146c
2021-02-16 09:08:22,836 TRACE [JavaFX Application Thread] NioEventLoop:260 - instrumented a special java.util.Set into: sun.nio.ch.WindowsSelectorImpl@435ea789
2021-02-16 09:08:22,837 TRACE [JavaFX Application Thread] NioEventLoop:260 - instrumented a special java.util.Set into: sun.nio.ch.WindowsSelectorImpl@3aaad927
2021-02-16 09:08:22,837 TRACE [JavaFX Application Thread] NioEventLoop:260 - instrumented a special java.util.Set into: sun.nio.ch.WindowsSelectorImpl@4153949d
2021-02-16 09:08:22,838 TRACE [JavaFX Application Thread] NioEventLoop:260 - instrumented a special java.util.Set into: sun.nio.ch.WindowsSelectorImpl@3f17d2af
2021-02-16 09:08:22,840 TRACE [JavaFX Application Thread] NioEventLoop:260 - instrumented a special java.util.Set into: sun.nio.ch.WindowsSelectorImpl@943582b
2021-02-16 09:08:22,840 TRACE [JavaFX Application Thread] NioEventLoop:260 - instrumented a special java.util.Set into: sun.nio.ch.WindowsSelectorImpl@654cdbc5
2021-02-16 09:08:22,841 TRACE [JavaFX Application Thread] NioEventLoop:260 - instrumented a special java.util.Set into: sun.nio.ch.WindowsSelectorImpl@38665c8d
2021-02-16 09:08:22,842 TRACE [JavaFX Application Thread] NioEventLoop:260 - instrumented a special java.util.Set into: sun.nio.ch.WindowsSelectorImpl@39656384
2021-02-16 09:08:22,843 TRACE [JavaFX Application Thread] NioEventLoop:260 - instrumented a special java.util.Set into: sun.nio.ch.WindowsSelectorImpl@2af4e683
2021-02-16 09:08:22,844 TRACE [JavaFX Application Thread] NioEventLoop:260 - instrumented a special java.util.Set into: sun.nio.ch.WindowsSelectorImpl@296582eb
2021-02-16 09:08:22,844 TRACE [JavaFX Application Thread] NioEventLoop:260 - instrumented a special java.util.Set into: sun.nio.ch.WindowsSelectorImpl@236d317e
2021-02-16 09:08:22,846 TRACE [JavaFX Application Thread] NioEventLoop:260 - instrumented a special java.util.Set into: sun.nio.ch.WindowsSelectorImpl@31061fd4
2021-02-16 09:08:22,846 TRACE [JavaFX Application Thread] NioEventLoop:260 - instrumented a special java.util.Set into: sun.nio.ch.WindowsSelectorImpl@3c4b3789
2021-02-16 09:08:22,893  INFO [JavaFX Application Thread] Neo4jManager:15 - Neo4j Connection opened.
2021-02-16 09:08:23,028  INFO [JavaFX Application Thread] Neo4jManager:42 - Mongo Connection opened.
2021-02-16 09:08:52,271  INFO [JavaFX Application Thread] LoginController:72 - inserted pw: h:5}TWc0
2021-02-16 09:08:52,331  INFO [JavaFX Application Thread] JobSeekerDao:152 - check founded password: h:5}TWc0
2021-02-16 09:09:55,277  INFO [JavaFX Application Thread] Neo4jManager:39 - Neo4j Connection closed.
2021-02-16 09:09:55,289  INFO [JavaFX Application Thread] Neo4jManager:58 - Mongo Connection closed.
